<?xml version="1.0" encoding="UTF-8"?>
<testng-results ignored="10" total="16" passed="5" failed="1" skipped="0">
  <reporter-output>
  </reporter-output>
  <suite started-at="2023-04-27T10:03:52 IST" name="Suite" finished-at="2023-04-27T10:12:55 IST" duration-ms="543384">
    <groups>
      <group name="smoke">
        <method signature="TC_01_LoginPageTest.LoginTest(java.lang.String,java.lang.String)[pri:0, instance:com.framework.test.TC_01_LoginPageTest@6253c26]" name="LoginTest" class="com.framework.test.TC_01_LoginPageTest"/>
        <method signature="TC_04_CreateProjectPageTest.createProjectTest(java.lang.String,java.lang.String)[pri:3, instance:com.framework.test.TC_04_CreateProjectPageTest@54a7079e]" name="createProjectTest" class="com.framework.test.TC_04_CreateProjectPageTest"/>
        <method signature="TC_05_VerifyLogoTest.LoginTest(java.lang.String,java.lang.String)[pri:4, instance:com.framework.test.TC_05_VerifyLogoTest@26e356f0]" name="LoginTest" class="com.framework.test.TC_05_VerifyLogoTest"/>
      </group> <!-- smoke -->
    </groups>
    <test started-at="2023-04-27T10:03:52 IST" name="test" finished-at="2023-04-27T10:12:55 IST" duration-ms="543384">
      <class name="com.framework.test.TC_02_AddToCartPageTest">
        <test-method is-config="true" signature="launchBrowser()[pri:0, instance:com.framework.test.TC_02_AddToCartPageTest@61001b64]" started-at="2023-04-27T10:04:23 IST" name="launchBrowser" finished-at="2023-04-27T10:04:37 IST" duration-ms="13528" status="PASS">
          <reporter-output>
          </reporter-output>
        </test-method> <!-- launchBrowser -->
        <test-method signature="addCartTest(java.lang.String,java.lang.String)[pri:1, instance:com.framework.test.TC_02_AddToCartPageTest@61001b64]" started-at="2023-04-27T10:04:37 IST" name="addCartTest" data-provider="credentials" finished-at="2023-04-27T10:05:50 IST" duration-ms="73148" status="FAIL">
          <params>
            <param index="0">
              <value>
                <![CDATA[farhansyed998@gmail.com]]>
              </value>
            </param>
            <param index="1">
              <value>
                <![CDATA[Gulshan@253]]>
              </value>
            </param>
          </params>
          <exception class="org.openqa.selenium.NoSuchElementException">
            <message>
              <![CDATA[no such element: Unable to locate element: {"method":"xpath","selector":"//div[contains(text(),'Added to Your Cart')]"}
  (Session info: chrome=109.0.5414.120)
For documentation on this error, please visit: https://www.seleniumhq.org/exceptions/no_such_element.html
Build info: version: '3.141.59', revision: 'e82be7d358', time: '2018-11-14T08:17:03'
System info: host: 'LTIN439470', ip: '192.168.100.240', os.name: 'Windows 11', os.arch: 'amd64', os.version: '10.0', java.version: '17.0.6'
Driver info: org.openqa.selenium.chrome.ChromeDriver
Capabilities {acceptInsecureCerts: false, browserName: chrome, browserVersion: 109.0.5414.120, chrome: {chromedriverVersion: 109.0.5414.74 (e7c5703604da..., userDataDir: C:\Program Files (x86)\scop...}, goog:chromeOptions: {debuggerAddress: localhost:55354}, javascriptEnabled: true, networkConnectionEnabled: false, pageLoadStrategy: normal, platform: WINDOWS, platformName: WINDOWS, proxy: Proxy(), setWindowRect: true, strictFileInteractability: false, timeouts: {implicit: 0, pageLoad: 300000, script: 30000}, unhandledPromptBehavior: dismiss and notify, webauthn:extension:credBlob: true, webauthn:extension:largeBlob: true, webauthn:virtualAuthenticators: true}
Session ID: 46d3a72f1bc27cfcf343d2467e6c67f1
*** Element info: {Using=xpath, value=//div[contains(text(),'Added to Your Cart')]}]]>
            </message>
            <full-stacktrace>
              <![CDATA[org.openqa.selenium.NoSuchElementException: no such element: Unable to locate element: {"method":"xpath","selector":"//div[contains(text(),'Added to Your Cart')]"}
  (Session info: chrome=109.0.5414.120)
For documentation on this error, please visit: https://www.seleniumhq.org/exceptions/no_such_element.html
Build info: version: '3.141.59', revision: 'e82be7d358', time: '2018-11-14T08:17:03'
System info: host: 'LTIN439470', ip: '192.168.100.240', os.name: 'Windows 11', os.arch: 'amd64', os.version: '10.0', java.version: '17.0.6'
Driver info: org.openqa.selenium.chrome.ChromeDriver
Capabilities {acceptInsecureCerts: false, browserName: chrome, browserVersion: 109.0.5414.120, chrome: {chromedriverVersion: 109.0.5414.74 (e7c5703604da..., userDataDir: C:\Program Files (x86)\scop...}, goog:chromeOptions: {debuggerAddress: localhost:55354}, javascriptEnabled: true, networkConnectionEnabled: false, pageLoadStrategy: normal, platform: WINDOWS, platformName: WINDOWS, proxy: Proxy(), setWindowRect: true, strictFileInteractability: false, timeouts: {implicit: 0, pageLoad: 300000, script: 30000}, unhandledPromptBehavior: dismiss and notify, webauthn:extension:credBlob: true, webauthn:extension:largeBlob: true, webauthn:virtualAuthenticators: true}
Session ID: 46d3a72f1bc27cfcf343d2467e6c67f1
*** Element info: {Using=xpath, value=//div[contains(text(),'Added to Your Cart')]}
at java.base/jdk.internal.reflect.NativeConstructorAccessorImpl.newInstance0(Native Method)
at java.base/jdk.internal.reflect.NativeConstructorAccessorImpl.newInstance(NativeConstructorAccessorImpl.java:77)
at java.base/jdk.internal.reflect.DelegatingConstructorAccessorImpl.newInstance(DelegatingConstructorAccessorImpl.java:45)
at java.base/java.lang.reflect.Constructor.newInstanceWithCaller(Constructor.java:499)
at java.base/java.lang.reflect.Constructor.newInstance(Constructor.java:480)
at org.openqa.selenium.remote.http.W3CHttpResponseCodec.createException(W3CHttpResponseCodec.java:187)
at org.openqa.selenium.remote.http.W3CHttpResponseCodec.decode(W3CHttpResponseCodec.java:122)
at org.openqa.selenium.remote.http.W3CHttpResponseCodec.decode(W3CHttpResponseCodec.java:49)
at org.openqa.selenium.remote.HttpCommandExecutor.execute(HttpCommandExecutor.java:158)
at org.openqa.selenium.remote.service.DriverCommandExecutor.execute(DriverCommandExecutor.java:83)
at org.openqa.selenium.remote.RemoteWebDriver.execute(RemoteWebDriver.java:552)
at org.openqa.selenium.remote.RemoteWebDriver.findElement(RemoteWebDriver.java:323)
at org.openqa.selenium.remote.RemoteWebDriver.findElementByXPath(RemoteWebDriver.java:428)
at org.openqa.selenium.By$ByXPath.findElement(By.java:353)
at org.openqa.selenium.remote.RemoteWebDriver.findElement(RemoteWebDriver.java:315)
at org.openqa.selenium.support.pagefactory.DefaultElementLocator.findElement(DefaultElementLocator.java:69)
at org.openqa.selenium.support.pagefactory.internal.LocatingElementHandler.invoke(LocatingElementHandler.java:38)
at jdk.proxy2/jdk.proxy2.$Proxy16.isDisplayed(Unknown Source)
at com.framework.pageobjects.TC_02_AddToCartPage.addcartValidation(TC_02_AddToCartPage.java:55)
at com.framework.test.TC_02_AddToCartPageTest.addCartTest(TC_02_AddToCartPageTest.java:38)
at java.base/jdk.internal.reflect.NativeMethodAccessorImpl.invoke0(Native Method)
at java.base/jdk.internal.reflect.NativeMethodAccessorImpl.invoke(NativeMethodAccessorImpl.java:77)
at java.base/jdk.internal.reflect.DelegatingMethodAccessorImpl.invoke(DelegatingMethodAccessorImpl.java:43)
at java.base/java.lang.reflect.Method.invoke(Method.java:568)
at org.testng.internal.MethodInvocationHelper.invokeMethod(MethodInvocationHelper.java:133)
at org.testng.internal.TestInvoker.invokeMethod(TestInvoker.java:598)
at org.testng.internal.TestInvoker.invokeTestMethod(TestInvoker.java:173)
at org.testng.internal.MethodRunner.runInSequence(MethodRunner.java:46)
at org.testng.internal.TestInvoker$MethodInvocationAgent.invoke(TestInvoker.java:824)
at org.testng.internal.TestInvoker.invokeTestMethods(TestInvoker.java:146)
at org.testng.internal.TestMethodWorker.invokeTestMethods(TestMethodWorker.java:146)
at org.testng.internal.TestMethodWorker.run(TestMethodWorker.java:128)
at java.base/java.util.ArrayList.forEach(ArrayList.java:1511)
at org.testng.TestRunner.privateRun(TestRunner.java:794)
at org.testng.TestRunner.run(TestRunner.java:596)
at org.testng.SuiteRunner.runTest(SuiteRunner.java:377)
at org.testng.SuiteRunner.runSequentially(SuiteRunner.java:371)
at org.testng.SuiteRunner.privateRun(SuiteRunner.java:332)
at org.testng.SuiteRunner.run(SuiteRunner.java:276)
at org.testng.SuiteRunnerWorker.runSuite(SuiteRunnerWorker.java:53)
at org.testng.SuiteRunnerWorker.run(SuiteRunnerWorker.java:96)
at org.testng.TestNG.runSuitesSequentially(TestNG.java:1212)
at org.testng.TestNG.runSuitesLocally(TestNG.java:1134)
at org.testng.TestNG.runSuites(TestNG.java:1063)
at org.testng.TestNG.run(TestNG.java:1031)
at org.testng.remote.AbstractRemoteTestNG.run(AbstractRemoteTestNG.java:115)
at org.testng.remote.RemoteTestNG.initAndRun(RemoteTestNG.java:251)
at org.testng.remote.RemoteTestNG.main(RemoteTestNG.java:77)
]]>
            </full-stacktrace>
          </exception> <!-- org.openqa.selenium.NoSuchElementException -->
          <reporter-output>
          </reporter-output>
        </test-method> <!-- addCartTest -->
        <test-method is-config="true" signature="CloseBrowser()[pri:0, instance:com.framework.test.TC_02_AddToCartPageTest@61001b64]" started-at="2023-04-27T10:05:50 IST" name="CloseBrowser" finished-at="2023-04-27T10:05:50 IST" duration-ms="131" status="PASS">
          <reporter-output>
          </reporter-output>
        </test-method> <!-- CloseBrowser -->
      </class> <!-- com.framework.test.TC_02_AddToCartPageTest -->
      <class name="com.framework.test.TC_03_OrderReviewPageTest">
        <test-method is-config="true" signature="launchBrowser()[pri:0, instance:com.framework.test.TC_03_OrderReviewPageTest@4310d43]" started-at="2023-04-27T10:05:50 IST" name="launchBrowser" finished-at="2023-04-27T10:06:11 IST" duration-ms="20526" status="PASS">
          <reporter-output>
          </reporter-output>
        </test-method> <!-- launchBrowser -->
        <test-method signature="orderReviewTest(java.lang.String,java.lang.String,java.lang.String,java.lang.String,java.lang.String,java.lang.String)[pri:2, instance:com.framework.test.TC_03_OrderReviewPageTest@4310d43]" started-at="2023-04-27T10:06:11 IST" name="orderReviewTest" data-provider="shipping address" finished-at="2023-04-27T10:08:11 IST" duration-ms="119956" status="PASS">
          <params>
            <param index="0">
              <value>
                <![CDATA[Syed]]>
              </value>
            </param>
            <param index="1">
              <value>
                <![CDATA[Farhan]]>
              </value>
            </param>
            <param index="2">
              <value>
                <![CDATA[HJ Mustin Rd]]>
              </value>
            </param>
            <param index="3">
              <value>
                <![CDATA[Jacksonville]]>
              </value>
            </param>
            <param index="4">
              <value>
                <![CDATA[52400]]>
              </value>
            </param>
            <param index="5">
              <value>
                <![CDATA[9.700403445E9]]>
              </value>
            </param>
          </params>
          <reporter-output>
          </reporter-output>
        </test-method> <!-- orderReviewTest -->
        <test-method is-config="true" signature="CloseBrowser()[pri:0, instance:com.framework.test.TC_03_OrderReviewPageTest@4310d43]" started-at="2023-04-27T10:08:11 IST" name="CloseBrowser" finished-at="2023-04-27T10:08:11 IST" duration-ms="198" status="PASS">
          <reporter-output>
          </reporter-output>
        </test-method> <!-- CloseBrowser -->
      </class> <!-- com.framework.test.TC_03_OrderReviewPageTest -->
      <class name="com.framework.test.TC_05_VerifyLogoTest">
        <test-method is-config="true" signature="launchBrowser()[pri:0, instance:com.framework.test.TC_05_VerifyLogoTest@26e356f0]" started-at="2023-04-27T10:08:54 IST" name="launchBrowser" finished-at="2023-04-27T10:09:08 IST" duration-ms="13854" status="PASS">
          <reporter-output>
          </reporter-output>
        </test-method> <!-- launchBrowser -->
        <test-method signature="LoginTest(java.lang.String,java.lang.String)[pri:4, instance:com.framework.test.TC_05_VerifyLogoTest@26e356f0]" started-at="2023-04-27T10:09:08 IST" name="LoginTest" data-provider="credentials" finished-at="2023-04-27T10:09:10 IST" duration-ms="2020" status="PASS">
          <params>
            <param index="0">
              <value>
                <![CDATA[farhansyed998@gmail.com]]>
              </value>
            </param>
            <param index="1">
              <value>
                <![CDATA[Gulshan@253]]>
              </value>
            </param>
          </params>
          <reporter-output>
          </reporter-output>
        </test-method> <!-- LoginTest -->
        <test-method is-config="true" signature="CloseBrowser()[pri:0, instance:com.framework.test.TC_05_VerifyLogoTest@26e356f0]" started-at="2023-04-27T10:09:10 IST" name="CloseBrowser" finished-at="2023-04-27T10:09:10 IST" duration-ms="217" status="PASS">
          <reporter-output>
          </reporter-output>
        </test-method> <!-- CloseBrowser -->
      </class> <!-- com.framework.test.TC_05_VerifyLogoTest -->
      <class name="com.framework.test.TC_01_LoginPageTest">
        <test-method is-config="true" signature="beforeSuite()[pri:0, instance:com.framework.test.TC_01_LoginPageTest@6253c26]" started-at="2023-04-27T10:03:51 IST" name="beforeSuite" finished-at="2023-04-27T10:03:52 IST" duration-ms="255" status="PASS">
          <reporter-output>
          </reporter-output>
        </test-method> <!-- beforeSuite -->
        <test-method is-config="true" signature="launchBrowser()[pri:0, instance:com.framework.test.TC_01_LoginPageTest@6253c26]" started-at="2023-04-27T10:03:52 IST" name="launchBrowser" finished-at="2023-04-27T10:04:09 IST" duration-ms="17279" status="PASS">
          <reporter-output>
          </reporter-output>
        </test-method> <!-- launchBrowser -->
        <test-method signature="LoginTest(java.lang.String,java.lang.String)[pri:0, instance:com.framework.test.TC_01_LoginPageTest@6253c26]" started-at="2023-04-27T10:04:09 IST" name="LoginTest" data-provider="credentials" finished-at="2023-04-27T10:04:23 IST" duration-ms="13483" status="PASS">
          <params>
            <param index="0">
              <value>
                <![CDATA[farhansyed998@gmail.com]]>
              </value>
            </param>
            <param index="1">
              <value>
                <![CDATA[Gulshan@253]]>
              </value>
            </param>
          </params>
          <reporter-output>
          </reporter-output>
        </test-method> <!-- LoginTest -->
        <test-method is-config="true" signature="CloseBrowser()[pri:0, instance:com.framework.test.TC_01_LoginPageTest@6253c26]" started-at="2023-04-27T10:04:23 IST" name="CloseBrowser" finished-at="2023-04-27T10:04:23 IST" duration-ms="191" status="PASS">
          <reporter-output>
          </reporter-output>
        </test-method> <!-- CloseBrowser -->
        <test-method is-config="true" signature="afterSuite()[pri:0, instance:com.framework.test.TC_01_LoginPageTest@6253c26]" started-at="2023-04-27T10:12:55 IST" name="afterSuite" finished-at="2023-04-27T10:12:55 IST" duration-ms="356" status="PASS">
          <reporter-output>
          </reporter-output>
        </test-method> <!-- afterSuite -->
      </class> <!-- com.framework.test.TC_01_LoginPageTest -->
      <class name="com.framework.test.TC_06_RemoveCartPageTest">
        <test-method is-config="true" signature="launchBrowser()[pri:0, instance:com.framework.test.TC_06_RemoveCartPageTest@47d9a273]" started-at="2023-04-27T10:09:10 IST" name="launchBrowser" finished-at="2023-04-27T10:09:27 IST" duration-ms="16924" status="PASS">
          <reporter-output>
          </reporter-output>
        </test-method> <!-- launchBrowser -->
        <test-method signature="removeCartTest()[pri:5, instance:com.framework.test.TC_06_RemoveCartPageTest@47d9a273]" started-at="2023-04-27T10:09:27 IST" name="removeCartTest" finished-at="2023-04-27T10:12:55 IST" duration-ms="207940" status="PASS">
          <reporter-output>
          </reporter-output>
        </test-method> <!-- removeCartTest -->
        <test-method is-config="true" signature="CloseBrowser()[pri:0, instance:com.framework.test.TC_06_RemoveCartPageTest@47d9a273]" started-at="2023-04-27T10:12:55 IST" name="CloseBrowser" finished-at="2023-04-27T10:12:55 IST" duration-ms="146" status="PASS">
          <reporter-output>
          </reporter-output>
        </test-method> <!-- CloseBrowser -->
      </class> <!-- com.framework.test.TC_06_RemoveCartPageTest -->
      <class name="com.framework.test.TC_04_CreateProjectPageTest">
        <test-method is-config="true" signature="launchBrowser()[pri:0, instance:com.framework.test.TC_04_CreateProjectPageTest@54a7079e]" started-at="2023-04-27T10:08:11 IST" name="launchBrowser" finished-at="2023-04-27T10:08:26 IST" duration-ms="15126" status="PASS">
          <reporter-output>
          </reporter-output>
        </test-method> <!-- launchBrowser -->
        <test-method signature="createProjectTest(java.lang.String,java.lang.String)[pri:3, instance:com.framework.test.TC_04_CreateProjectPageTest@54a7079e]" started-at="2023-04-27T10:08:26 IST" name="createProjectTest" data-provider="myProject" finished-at="2023-04-27T10:08:54 IST" duration-ms="27429" status="PASS">
          <params>
            <param index="0">
              <value>
                <![CDATA[farhansyed]]>
              </value>
            </param>
            <param index="1">
              <value>
                <![CDATA[Gulshan]]>
              </value>
            </param>
          </params>
          <reporter-output>
          </reporter-output>
        </test-method> <!-- createProjectTest -->
        <test-method is-config="true" signature="CloseBrowser()[pri:0, instance:com.framework.test.TC_04_CreateProjectPageTest@54a7079e]" started-at="2023-04-27T10:08:54 IST" name="CloseBrowser" finished-at="2023-04-27T10:08:54 IST" duration-ms="248" status="PASS">
          <reporter-output>
          </reporter-output>
        </test-method> <!-- CloseBrowser -->
      </class> <!-- com.framework.test.TC_04_CreateProjectPageTest -->
    </test> <!-- test -->
  </suite> <!-- Suite -->
</testng-results>
